<?xml version="1.0" encoding="UTF-8"?>
<testsuite xmlns:xsi="http://www.w3.org/2001/XMLSchema-instance" xsi:noNamespaceSchemaLocation="https://maven.apache.org/surefire/maven-surefire-plugin/xsd/surefire-test-report-3.0.xsd" version="3.0" name="app.controllers.impl.HotelResourceTest" time="7.931" tests="3" errors="0" skipped="0" failures="0">
  <properties>
[...]
</properties>
  <testcase name="createHotelTest" classname="app.controllers.impl.HotelResourceTest" time="2.313">
    <system-out><![CDATA[12:43:43,691 |-INFO in ch.qos.logback.classic.LoggerContext[default] - This is logback-classic version 1.5.8
12:43:43,693 |-INFO in ch.qos.logback.classic.util.ContextInitializer@6c372fe6 - No custom configurators were discovered as a service.
12:43:43,693 |-INFO in ch.qos.logback.classic.util.ContextInitializer@6c372fe6 - Trying to configure with ch.qos.logback.classic.joran.SerializedModelConfigurator
12:43:43,693 |-INFO in ch.qos.logback.classic.util.ContextInitializer@6c372fe6 - Constructed configurator of type class ch.qos.logback.classic.joran.SerializedModelConfigurator
12:43:43,697 |-INFO in ch.qos.logback.classic.LoggerContext[default] - Could NOT find resource [logback-test.scmo]
12:43:43,697 |-INFO in ch.qos.logback.classic.LoggerContext[default] - Could NOT find resource [logback.scmo]
12:43:43,701 |-INFO in ch.qos.logback.classic.util.ContextInitializer@6c372fe6 - ch.qos.logback.classic.joran.SerializedModelConfigurator.configure() call lasted 4 milliseconds. ExecutionStatus=INVOKE_NEXT_IF_ANY
12:43:43,701 |-INFO in ch.qos.logback.classic.util.ContextInitializer@6c372fe6 - Trying to configure with ch.qos.logback.classic.util.DefaultJoranConfigurator
12:43:43,701 |-INFO in ch.qos.logback.classic.util.ContextInitializer@6c372fe6 - Constructed configurator of type class ch.qos.logback.classic.util.DefaultJoranConfigurator
12:43:43,702 |-INFO in ch.qos.logback.classic.LoggerContext[default] - Could NOT find resource [logback-test.xml]
12:43:43,703 |-INFO in ch.qos.logback.classic.LoggerContext[default] - Found resource [logback.xml] at [file:/C:/Users/gervi/OneDrive/Skrivebord/Uddannelse/Hotel-API/target/classes/logback.xml]
12:43:43,703 |-WARN in ch.qos.logback.classic.util.DefaultJoranConfigurator@58594a11 - Resource [logback.xml] occurs multiple times on the classpath.
12:43:43,703 |-WARN in ch.qos.logback.classic.util.DefaultJoranConfigurator@58594a11 - Resource [logback.xml] occurs at [jar:file:/C:/Users/gervi/.m2/repository/io/javalin/javalin-bundle/6.4.0/javalin-bundle-6.4.0.jar!/logback.xml]
12:43:43,703 |-WARN in ch.qos.logback.classic.util.DefaultJoranConfigurator@58594a11 - Resource [logback.xml] occurs at [file:/C:/Users/gervi/OneDrive/Skrivebord/Uddannelse/Hotel-API/target/classes/logback.xml]
12:43:43,786 |-INFO in ch.qos.logback.core.model.processor.AppenderModelHandler - Processing appender named [CONSOLE]
12:43:43,786 |-INFO in ch.qos.logback.core.model.processor.AppenderModelHandler - About to instantiate appender of type [ch.qos.logback.core.ConsoleAppender]
12:43:43,793 |-INFO in ch.qos.logback.core.model.processor.ImplicitModelHandler - Assuming default type [ch.qos.logback.classic.encoder.PatternLayoutEncoder] for [encoder] property
12:43:43,815 |-INFO in ch.qos.logback.core.model.processor.AppenderModelHandler - Processing appender named [FILE]
12:43:43,815 |-INFO in ch.qos.logback.core.model.processor.AppenderModelHandler - About to instantiate appender of type [ch.qos.logback.core.FileAppender]
12:43:43,816 |-INFO in ch.qos.logback.core.model.processor.ImplicitModelHandler - Assuming default type [ch.qos.logback.classic.encoder.PatternLayoutEncoder] for [encoder] property
12:43:43,817 |-INFO in ch.qos.logback.core.FileAppender[FILE] - File property is set to [logs/javalin-app.log]
12:43:43,817 |-INFO in ch.qos.logback.classic.model.processor.RootLoggerModelHandler - Setting level of ROOT logger to INFO
12:43:43,817 |-INFO in ch.qos.logback.core.model.processor.AppenderRefModelHandler - Attaching appender named [CONSOLE] to Logger[ROOT]
12:43:43,819 |-INFO in ch.qos.logback.core.model.processor.AppenderRefModelHandler - Attaching appender named [FILE] to Logger[ROOT]
12:43:43,819 |-INFO in ch.qos.logback.classic.model.processor.LoggerModelHandler - Setting level of logger [app] to DEBUG
12:43:43,819 |-INFO in ch.qos.logback.core.model.processor.DefaultProcessor@2a3888c1 - End of configuration.
12:43:43,820 |-INFO in ch.qos.logback.classic.joran.JoranConfigurator@4167d97b - Registering current configuration as safe fallback point
12:43:43,820 |-INFO in ch.qos.logback.classic.util.ContextInitializer@6c372fe6 - ch.qos.logback.classic.util.DefaultJoranConfigurator.configure() call lasted 119 milliseconds. ExecutionStatus=DO_NOT_INVOKE_NEXT_IF_ANY

12:43:43.870 [main] INFO  org.hibernate.Version - HHH000412: Hibernate ORM core version 6.6.6.Final
12:43:43.927 [main] INFO  o.h.c.i.RegionFactoryInitiator - HHH000026: Second-level cache disabled
12:43:44.103 [main] WARN  o.hibernate.orm.connections.pooling - HHH10001002: Using built-in connection pool (not intended for production use)
12:43:44.142 [main] INFO  o.testcontainers.images.PullPolicy - Image pull policy will be performed by: DefaultPullPolicy()
12:43:44.144 [main] INFO  o.t.utility.ImageNameSubstitutor - Image name substitution will be performed by: DefaultImageNameSubstitutor (composite of 'ConfigurationFileImageNameSubstitutor' and 'PrefixingImageNameSubstitutor')
12:43:44.157 [main] INFO  o.testcontainers.DockerClientFactory - Testcontainers version: 1.20.4
12:43:44.342 [main] INFO  o.t.d.DockerClientProviderStrategy - Loaded org.testcontainers.dockerclient.NpipeSocketClientProviderStrategy from ~/.testcontainers.properties, will try it first
12:43:44.625 [main] INFO  o.t.d.DockerClientProviderStrategy - Found Docker environment with local Npipe socket (npipe:////./pipe/docker_engine)
12:43:44.627 [main] INFO  o.testcontainers.DockerClientFactory - Docker host IP address is localhost
12:43:44.646 [main] INFO  o.testcontainers.DockerClientFactory - Connected to docker: 
  Server Version: 27.2.0
  API Version: 1.47
  Operating System: Docker Desktop
  Total Memory: 7537 MB
  Labels: 
    com.docker.desktop.address=npipe://\\.\pipe\docker_cli
12:43:44.665 [main] INFO  tc.testcontainers/ryuk:0.11.0 - Creating container for image: testcontainers/ryuk:0.11.0
12:43:44.751 [main] INFO  o.t.utility.RegistryAuthLocator - Credential helper/store (docker-credential-desktop) does not have credentials for https://index.docker.io/v1/
12:43:44.969 [main] INFO  tc.testcontainers/ryuk:0.11.0 - Container testcontainers/ryuk:0.11.0 is starting: 226cb0b67b438abcb17b4171f81c657ec4f6b98264db1e4068d091380970c402
12:43:45.409 [main] INFO  tc.testcontainers/ryuk:0.11.0 - Container testcontainers/ryuk:0.11.0 started in PT0.7439285S
12:43:45.415 [main] INFO  o.t.utility.RyukResourceReaper - Ryuk started - will monitor and terminate Testcontainers containers on JVM exit
12:43:45.416 [main] INFO  o.testcontainers.DockerClientFactory - Checking the system...
12:43:45.416 [main] INFO  o.testcontainers.DockerClientFactory - ?? Docker server version should be at least 1.6.0
12:43:45.417 [main] INFO  tc.postgres:15.3-alpine3.18 - Creating container for image: postgres:15.3-alpine3.18
12:43:45.574 [main] INFO  tc.postgres:15.3-alpine3.18 - Container postgres:15.3-alpine3.18 is starting: 46135a9575976a1cf6925bfcca1e2984f6b5fb1a12552dc1bcf0339a58a45476
12:43:47.371 [main] INFO  tc.postgres:15.3-alpine3.18 - Container postgres:15.3-alpine3.18 started in PT1.9533693S
12:43:47.372 [main] INFO  tc.postgres:15.3-alpine3.18 - Container is started (JDBC URL: jdbc:postgresql://localhost:57594/test?loggerLevel=OFF)
12:43:47.591 [main] WARN  org.hibernate.orm.deprecation - HHH90000025: PostgreSQLDialect does not need to be specified explicitly using 'hibernate.dialect' (remove the property setting and it will be selected by default)
12:43:47.613 [main] INFO  o.hibernate.orm.connections.pooling - HHH10001005: Database info:
	Database JDBC URL [jdbc:tc:postgresql:15.3-alpine3.18:///test_db]
	Database driver: org.testcontainers.jdbc.ContainerDatabaseDriver
	Database version: 15.3
	Autocommit mode: false
	Isolation level: undefined/unknown
	Minimum pool size: 1
	Maximum pool size: 20
Hibernate: 
    set client_min_messages = WARNING
12:43:48.921 [main] INFO  o.hibernate.orm.connections.access - HHH10001501: Connection obtained from JdbcConnectionAccess [org.hibernate.engine.jdbc.env.internal.JdbcEnvironmentInitiator$ConnectionProviderJdbcConnectionAccess@637506d8] for (non-JTA) DDL execution was not in auto-commit mode; the Connection 'local transaction' will be committed and the Connection will be set into auto-commit mode.
Hibernate: 
    alter table if exists Room 
       drop constraint if exists FK2ytua4fdw8ibyyn44ar9txtku
Hibernate: 
    alter table if exists user_role 
       drop constraint if exists FKt7e7djp752sqn6w22i6ocqy6q
Hibernate: 
    alter table if exists user_role 
       drop constraint if exists FKj345gk1bovqvfame88rcx7yyx
Hibernate: 
    drop table if exists Hotel cascade
Hibernate: 
    drop table if exists roles cascade
Hibernate: 
    drop table if exists Room cascade
Hibernate: 
    drop table if exists user_role cascade
Hibernate: 
    drop table if exists users cascade
Hibernate: 
    create table Hotel (
        id integer generated by default as identity,
        address varchar(255),
        name varchar(255),
        primary key (id)
    )
12:43:48.934 [main] INFO  o.hibernate.orm.connections.access - HHH10001501: Connection obtained from JdbcConnectionAccess [org.hibernate.engine.jdbc.env.internal.JdbcEnvironmentInitiator$ConnectionProviderJdbcConnectionAccess@96075c0] for (non-JTA) DDL execution was not in auto-commit mode; the Connection 'local transaction' will be committed and the Connection will be set into auto-commit mode.
Hibernate: 
    create table roles (
        name varchar(255) not null,
        primary key (name)
    )
Hibernate: 
    create table Room (
        hotel_id integer not null,
        id integer generated by default as identity,
        number integer not null,
        price numeric(38,2),
        primary key (id)
    )
Hibernate: 
    create table user_role (
        role_id varchar(255) not null,
        user_id varchar(255) not null,
        primary key (role_id, user_id)
    )
Hibernate: 
    create table users (
        password varchar(255),
        username varchar(255) not null,
        primary key (username)
    )
Hibernate: 
    alter table if exists Room 
       add constraint FK2ytua4fdw8ibyyn44ar9txtku 
       foreign key (hotel_id) 
       references Hotel
Hibernate: 
    alter table if exists user_role 
       add constraint FKt7e7djp752sqn6w22i6ocqy6q 
       foreign key (role_id) 
       references roles
Hibernate: 
    alter table if exists user_role 
       add constraint FKj345gk1bovqvfame88rcx7yyx 
       foreign key (user_id) 
       references users
Hibernate: 
    /* insert for
        app.entities.Hotel */insert 
    into
        Hotel (address, name) 
    values
        (?, ?)
Hibernate: 
    /* insert for
        app.entities.Room */insert 
    into
        Room (hotel_id, number, price) 
    values
        (?, ?, ?)
Hibernate: 
    /* insert for
        app.entities.Room */insert 
    into
        Room (hotel_id, number, price) 
    values
        (?, ?, ?)
Hibernate: 
    /* insert for
        app.entities.Room */insert 
    into
        Room (hotel_id, number, price) 
    values
        (?, ?, ?)
Hibernate: 
    /* insert for
        app.entities.Room */insert 
    into
        Room (hotel_id, number, price) 
    values
        (?, ?, ?)
Hibernate: 
    /* insert for
        app.entities.Room */insert 
    into
        Room (hotel_id, number, price) 
    values
        (?, ?, ?)
Hibernate: 
    /* insert for
        app.entities.Hotel */insert 
    into
        Hotel (address, name) 
    values
        (?, ?)
Hibernate: 
    /* insert for
        app.entities.Room */insert 
    into
        Room (hotel_id, number, price) 
    values
        (?, ?, ?)
Hibernate: 
    /* insert for
        app.entities.Room */insert 
    into
        Room (hotel_id, number, price) 
    values
        (?, ?, ?)
Hibernate: 
    /* insert for
        app.entities.Room */insert 
    into
        Room (hotel_id, number, price) 
    values
        (?, ?, ?)
Hibernate: 
    /* insert for
        app.entities.Room */insert 
    into
        Room (hotel_id, number, price) 
    values
        (?, ?, ?)
Hibernate: 
    /* insert for
        app.entities.Room */insert 
    into
        Room (hotel_id, number, price) 
    values
        (?, ?, ?)
Hibernate: 
    /* insert for
        app.entities.Hotel */insert 
    into
        Hotel (address, name) 
    values
        (?, ?)
Hibernate: 
    /* insert for
        app.entities.Room */insert 
    into
        Room (hotel_id, number, price) 
    values
        (?, ?, ?)
Hibernate: 
    /* insert for
        app.entities.Room */insert 
    into
        Room (hotel_id, number, price) 
    values
        (?, ?, ?)
Hibernate: 
    /* insert for
        app.entities.Room */insert 
    into
        Room (hotel_id, number, price) 
    values
        (?, ?, ?)
Hibernate: 
    /* insert for
        app.entities.Room */insert 
    into
        Room (hotel_id, number, price) 
    values
        (?, ?, ?)
Hibernate: 
    /* insert for
        app.entities.Room */insert 
    into
        Room (hotel_id, number, price) 
    values
        (?, ?, ?)
12:43:49.173 [main] INFO  io.javalin.Javalin - JAVALIN HANDLER REGISTRATION DEBUG LOG: GET[/api/routes]
12:43:49.209 [main] INFO  io.javalin.Javalin - JAVALIN HANDLER REGISTRATION DEBUG LOG: GET[/api/hotel/]
12:43:49.211 [main] INFO  io.javalin.Javalin - JAVALIN HANDLER REGISTRATION DEBUG LOG: GET[/api/hotel/{id}]
12:43:49.211 [main] INFO  io.javalin.Javalin - JAVALIN HANDLER REGISTRATION DEBUG LOG: GET[/api/hotel/{id}/rooms]
12:43:49.212 [main] INFO  io.javalin.Javalin - JAVALIN HANDLER REGISTRATION DEBUG LOG: POST[/api/hotel/]
12:43:49.212 [main] INFO  io.javalin.Javalin - JAVALIN HANDLER REGISTRATION DEBUG LOG: PUT[/api/hotel/{id}]
12:43:49.212 [main] INFO  io.javalin.Javalin - JAVALIN HANDLER REGISTRATION DEBUG LOG: DELETE[/api/hotel/{id}]
12:43:49.214 [main] INFO  io.javalin.Javalin - JAVALIN HANDLER REGISTRATION DEBUG LOG: POST[/api/auth/register]
12:43:49.214 [main] INFO  io.javalin.Javalin - JAVALIN HANDLER REGISTRATION DEBUG LOG: POST[/api/auth/login]
12:43:49.215 [main] INFO  io.javalin.Javalin - JAVALIN HANDLER REGISTRATION DEBUG LOG: GET[/api/secured/demo]
12:43:49.295 [main] INFO  io.javalin.Javalin - Starting Javalin ...
12:43:49.297 [main] INFO  org.eclipse.jetty.server.Server - jetty-11.0.24; built: 2024-08-26T18:11:22.448Z; git: 5dfc59a691b748796f922208956bd1f2794bcd16; jvm 17.0.12+7-LTS
12:43:49.334 [main] INFO  o.e.j.s.s.DefaultSessionIdManager - Session workerName=node0
12:43:49.342 [main] INFO  o.e.j.server.handler.ContextHandler - Started o.e.j.s.ServletContextHandler@36c45149{/api,null,AVAILABLE}
12:43:49.370 [main] INFO  o.e.jetty.server.AbstractConnector - Started ServerConnector@51d9fd30{HTTP/1.1, (http/1.1)}{0.0.0.0:7777}
12:43:49.372 [main] INFO  org.eclipse.jetty.server.Server - Started Server@2cc9a948{STARTING}[11.0.24,sto=0] @6203ms
12:43:49.372 [main] INFO  io.javalin.Javalin - 
       __                  ___           _____
      / /___ __   ______ _/ (_)___      / ___/
 __  / / __ `/ | / / __ `/ / / __ \    / __ \
/ /_/ / /_/ /| |/ / /_/ / / / / / /   / /_/ /
\____/\__,_/ |___/\__,_/_/_/_/ /_/    \____/

       https://javalin.io/documentation

12:43:49.373 [main] INFO  io.javalin.Javalin - Javalin started in 156ms \o/
12:43:49.376 [main] INFO  io.javalin.Javalin - Listening on http://localhost:7777/api
12:43:49.385 [main] INFO  io.javalin.Javalin - You are running Javalin 6.4.0 (released December 17, 2024).
Hibernate: 
    /* insert for
        app.entities.Hotel */insert 
    into
        Hotel (address, name) 
    values
        (?, ?)
Hibernate: 
    /* insert for
        app.entities.Room */insert 
    into
        Room (hotel_id, number, price) 
    values
        (?, ?, ?)
Hibernate: 
    /* insert for
        app.entities.Room */insert 
    into
        Room (hotel_id, number, price) 
    values
        (?, ?, ?)
12:43:50.750 [JettyServerThreadPool-58] INFO  io.javalin.Javalin - JAVALIN REQUEST DEBUG LOG:
Request: POST [/api/hotel]
    Matching endpoint-handlers: java.util.stream.ReferencePipeline$3@6aa53ecc
    Headers: {Accept=application/json, Connection=keep-alive, User-Agent=Apache-HttpClient/4.5.13 (Java/17.0.12), Host=localhost:7777, Accept-Encoding=gzip,deflate, Content-Length=149, Content-Type=application/json}
    Cookies: {}
    Body: {"id":0,"name":"Hotel test","address":"Test address","rooms":[{"id":0,"number":1,"price":25.0,"hotel":0},{"id":0,"number":2,"price":42.0,"hotel":0}]}
    QueryString: null
    QueryParams: {}
    FormParams: {}
Response: [200 OK], execution took 430.47 ms
    Headers: {Date=Wed, 19 Mar 2025 11:43:50 GMT, Content-Type=application/json}
    Body is 151 bytes (starts on next line):
    {"id":4,"name":"Hotel test","address":"Test address","rooms":[{"id":16,"number":1,"price":25.0,"hotel":4},{"id":17,"number":2,"price":42.0,"hotel":4}]}
----------------------------------------------------------------------------------
12:43:51.256 [main] INFO  io.javalin.Javalin - Stopping Javalin ...
12:43:51.256 [main] INFO  org.eclipse.jetty.server.Server - Stopped Server@2cc9a948{STOPPING}[11.0.24,sto=0]
12:43:51.261 [main] INFO  o.e.jetty.server.AbstractConnector - Stopped ServerConnector@51d9fd30{HTTP/1.1, (http/1.1)}{0.0.0.0:7777}
12:43:51.263 [main] INFO  o.e.j.server.handler.ContextHandler - Stopped o.e.j.s.ServletContextHandler@36c45149{/api,null,STOPPED}
12:43:51.264 [main] INFO  io.javalin.Javalin - Javalin has stopped
]]></system-out>
    <system-err><![CDATA[SLF4J(W): Class path contains multiple SLF4J providers.
SLF4J(W): Found provider [ch.qos.logback.classic.spi.LogbackServiceProvider@77f1baf5]
SLF4J(W): Found provider [org.slf4j.simple.SimpleServiceProvider@41a2befb]
SLF4J(W): See https://www.slf4j.org/codes.html#multiple_bindings for an explanation.
SLF4J(I): Actual provider is of type [ch.qos.logback.classic.spi.LogbackServiceProvider@77f1baf5]
]]></system-err>
  </testcase>
  <testcase name="hotelByIdTest" classname="app.controllers.impl.HotelResourceTest" time="0.144">
    <system-out><![CDATA[Hibernate: 
    /* insert for
        app.entities.Hotel */insert 
    into
        Hotel (address, name) 
    values
        (?, ?)
Hibernate: 
    /* insert for
        app.entities.Room */insert 
    into
        Room (hotel_id, number, price) 
    values
        (?, ?, ?)
Hibernate: 
    /* insert for
        app.entities.Room */insert 
    into
        Room (hotel_id, number, price) 
    values
        (?, ?, ?)
Hibernate: 
    /* insert for
        app.entities.Room */insert 
    into
        Room (hotel_id, number, price) 
    values
        (?, ?, ?)
Hibernate: 
    /* insert for
        app.entities.Room */insert 
    into
        Room (hotel_id, number, price) 
    values
        (?, ?, ?)
Hibernate: 
    /* insert for
        app.entities.Room */insert 
    into
        Room (hotel_id, number, price) 
    values
        (?, ?, ?)
Hibernate: 
    /* insert for
        app.entities.Hotel */insert 
    into
        Hotel (address, name) 
    values
        (?, ?)
Hibernate: 
    /* insert for
        app.entities.Room */insert 
    into
        Room (hotel_id, number, price) 
    values
        (?, ?, ?)
Hibernate: 
    /* insert for
        app.entities.Room */insert 
    into
        Room (hotel_id, number, price) 
    values
        (?, ?, ?)
Hibernate: 
    /* insert for
        app.entities.Room */insert 
    into
        Room (hotel_id, number, price) 
    values
        (?, ?, ?)
Hibernate: 
    /* insert for
        app.entities.Room */insert 
    into
        Room (hotel_id, number, price) 
    values
        (?, ?, ?)
Hibernate: 
    /* insert for
        app.entities.Room */insert 
    into
        Room (hotel_id, number, price) 
    values
        (?, ?, ?)
Hibernate: 
    /* insert for
        app.entities.Hotel */insert 
    into
        Hotel (address, name) 
    values
        (?, ?)
Hibernate: 
    /* insert for
        app.entities.Room */insert 
    into
        Room (hotel_id, number, price) 
    values
        (?, ?, ?)
Hibernate: 
    /* insert for
        app.entities.Room */insert 
    into
        Room (hotel_id, number, price) 
    values
        (?, ?, ?)
Hibernate: 
    /* insert for
        app.entities.Room */insert 
    into
        Room (hotel_id, number, price) 
    values
        (?, ?, ?)
Hibernate: 
    /* insert for
        app.entities.Room */insert 
    into
        Room (hotel_id, number, price) 
    values
        (?, ?, ?)
Hibernate: 
    /* insert for
        app.entities.Room */insert 
    into
        Room (hotel_id, number, price) 
    values
        (?, ?, ?)
12:43:51.313 [main] INFO  io.javalin.Javalin - JAVALIN HANDLER REGISTRATION DEBUG LOG: GET[/api/routes]
12:43:51.314 [main] INFO  io.javalin.Javalin - JAVALIN HANDLER REGISTRATION DEBUG LOG: GET[/api/hotel/]
12:43:51.315 [main] INFO  io.javalin.Javalin - JAVALIN HANDLER REGISTRATION DEBUG LOG: GET[/api/hotel/{id}]
12:43:51.315 [main] INFO  io.javalin.Javalin - JAVALIN HANDLER REGISTRATION DEBUG LOG: GET[/api/hotel/{id}/rooms]
12:43:51.315 [main] INFO  io.javalin.Javalin - JAVALIN HANDLER REGISTRATION DEBUG LOG: POST[/api/hotel/]
12:43:51.315 [main] INFO  io.javalin.Javalin - JAVALIN HANDLER REGISTRATION DEBUG LOG: PUT[/api/hotel/{id}]
12:43:51.315 [main] INFO  io.javalin.Javalin - JAVALIN HANDLER REGISTRATION DEBUG LOG: DELETE[/api/hotel/{id}]
12:43:51.315 [main] INFO  io.javalin.Javalin - JAVALIN HANDLER REGISTRATION DEBUG LOG: POST[/api/auth/register]
12:43:51.316 [main] INFO  io.javalin.Javalin - JAVALIN HANDLER REGISTRATION DEBUG LOG: POST[/api/auth/login]
12:43:51.316 [main] INFO  io.javalin.Javalin - JAVALIN HANDLER REGISTRATION DEBUG LOG: GET[/api/secured/demo]
12:43:51.317 [main] INFO  io.javalin.Javalin - Starting Javalin ...
12:43:51.317 [main] INFO  org.eclipse.jetty.server.Server - jetty-11.0.24; built: 2024-08-26T18:11:22.448Z; git: 5dfc59a691b748796f922208956bd1f2794bcd16; jvm 17.0.12+7-LTS
12:43:51.320 [main] INFO  o.e.j.s.s.DefaultSessionIdManager - Session workerName=node0
12:43:51.320 [main] INFO  o.e.j.server.handler.ContextHandler - Started o.e.j.s.ServletContextHandler@581da9e6{/api,null,AVAILABLE}
12:43:51.327 [main] INFO  o.e.jetty.server.AbstractConnector - Started ServerConnector@498d7c57{HTTP/1.1, (http/1.1)}{0.0.0.0:7777}
12:43:51.327 [main] INFO  org.eclipse.jetty.server.Server - Started Server@66b9f727{STARTING}[11.0.24,sto=0] @8159ms
12:43:51.327 [main] INFO  io.javalin.Javalin - 
       __                  ___           _____
      / /___ __   ______ _/ (_)___      / ___/
 __  / / __ `/ | / / __ `/ / / __ \    / __ \
/ /_/ / /_/ /| |/ / /_/ / / / / / /   / /_/ /
\____/\__,_/ |___/\__,_/_/_/_/ /_/    \____/

       https://javalin.io/documentation

12:43:51.327 [main] INFO  io.javalin.Javalin - Javalin started in 10ms \o/
12:43:51.327 [main] INFO  io.javalin.Javalin - Listening on http://localhost:7777/api
12:43:51.328 [main] INFO  io.javalin.Javalin - You are running Javalin 6.4.0 (released December 17, 2024).
Hibernate: 
    select
        h1_0.id,
        h1_0.address,
        h1_0.name,
        r1_0.hotel_id,
        r1_0.id,
        r1_0.number,
        r1_0.price 
    from
        Hotel h1_0 
    left join
        Room r1_0 
            on h1_0.id=r1_0.hotel_id 
    where
        h1_0.id=?
12:43:51.398 [JettyServerThreadPool-71] INFO  io.javalin.Javalin - JAVALIN REQUEST DEBUG LOG:
Request: GET [/api/hotel/1]
    Matching endpoint-handlers: java.util.stream.ReferencePipeline$3@43a1791d
    Headers: {Accept=*/*, Connection=keep-alive, User-Agent=Apache-HttpClient/4.5.13 (Java/17.0.12), Host=localhost:7777, Accept-Encoding=gzip,deflate}
    Cookies: {}
    Body: 
    QueryString: null
    QueryParams: {}
    FormParams: {}
Response: [200 OK], execution took 46.08 ms
    Headers: {Date=Wed, 19 Mar 2025 11:43:51 GMT, Content-Type=application/json}
    Body is 282 bytes (starts on next line):
    {"id":1,"name":"Hotel 1","address":"Address 1","rooms":[{"id":1,"number":1,"price":120.00,"hotel":1},{"id":2,"number":2,"price":140.00,"hotel":1},{"id":3,"number":3,"price":160.00,"hotel":1},{"id":4,"number":4,"price":180.00,"hotel":1},{"id":5,"number":5,"price":200.00,"hotel":1}]}
----------------------------------------------------------------------------------
12:43:51.414 [main] INFO  io.javalin.Javalin - Stopping Javalin ...
12:43:51.414 [main] INFO  org.eclipse.jetty.server.Server - Stopped Server@66b9f727{STOPPING}[11.0.24,sto=0]
12:43:51.416 [main] INFO  o.e.jetty.server.AbstractConnector - Stopped ServerConnector@498d7c57{HTTP/1.1, (http/1.1)}{0.0.0.0:7777}
12:43:51.417 [main] INFO  o.e.j.server.handler.ContextHandler - Stopped o.e.j.s.ServletContextHandler@581da9e6{/api,null,STOPPED}
12:43:51.417 [main] INFO  io.javalin.Javalin - Javalin has stopped
]]></system-out>
  </testcase>
  <testcase name="deleteHotelTest" classname="app.controllers.impl.HotelResourceTest" time="0.145">
    <system-out><![CDATA[Hibernate: 
    /* insert for
        app.entities.Hotel */insert 
    into
        Hotel (address, name) 
    values
        (?, ?)
Hibernate: 
    /* insert for
        app.entities.Room */insert 
    into
        Room (hotel_id, number, price) 
    values
        (?, ?, ?)
Hibernate: 
    /* insert for
        app.entities.Room */insert 
    into
        Room (hotel_id, number, price) 
    values
        (?, ?, ?)
Hibernate: 
    /* insert for
        app.entities.Room */insert 
    into
        Room (hotel_id, number, price) 
    values
        (?, ?, ?)
Hibernate: 
    /* insert for
        app.entities.Room */insert 
    into
        Room (hotel_id, number, price) 
    values
        (?, ?, ?)
Hibernate: 
    /* insert for
        app.entities.Room */insert 
    into
        Room (hotel_id, number, price) 
    values
        (?, ?, ?)
Hibernate: 
    /* insert for
        app.entities.Hotel */insert 
    into
        Hotel (address, name) 
    values
        (?, ?)
Hibernate: 
    /* insert for
        app.entities.Room */insert 
    into
        Room (hotel_id, number, price) 
    values
        (?, ?, ?)
Hibernate: 
    /* insert for
        app.entities.Room */insert 
    into
        Room (hotel_id, number, price) 
    values
        (?, ?, ?)
Hibernate: 
    /* insert for
        app.entities.Room */insert 
    into
        Room (hotel_id, number, price) 
    values
        (?, ?, ?)
Hibernate: 
    /* insert for
        app.entities.Room */insert 
    into
        Room (hotel_id, number, price) 
    values
        (?, ?, ?)
Hibernate: 
    /* insert for
        app.entities.Room */insert 
    into
        Room (hotel_id, number, price) 
    values
        (?, ?, ?)
Hibernate: 
    /* insert for
        app.entities.Hotel */insert 
    into
        Hotel (address, name) 
    values
        (?, ?)
Hibernate: 
    /* insert for
        app.entities.Room */insert 
    into
        Room (hotel_id, number, price) 
    values
        (?, ?, ?)
Hibernate: 
    /* insert for
        app.entities.Room */insert 
    into
        Room (hotel_id, number, price) 
    values
        (?, ?, ?)
Hibernate: 
    /* insert for
        app.entities.Room */insert 
    into
        Room (hotel_id, number, price) 
    values
        (?, ?, ?)
Hibernate: 
    /* insert for
        app.entities.Room */insert 
    into
        Room (hotel_id, number, price) 
    values
        (?, ?, ?)
Hibernate: 
    /* insert for
        app.entities.Room */insert 
    into
        Room (hotel_id, number, price) 
    values
        (?, ?, ?)
12:43:51.452 [main] INFO  io.javalin.Javalin - JAVALIN HANDLER REGISTRATION DEBUG LOG: GET[/api/routes]
12:43:51.453 [main] INFO  io.javalin.Javalin - JAVALIN HANDLER REGISTRATION DEBUG LOG: GET[/api/hotel/]
12:43:51.453 [main] INFO  io.javalin.Javalin - JAVALIN HANDLER REGISTRATION DEBUG LOG: GET[/api/hotel/{id}]
12:43:51.453 [main] INFO  io.javalin.Javalin - JAVALIN HANDLER REGISTRATION DEBUG LOG: GET[/api/hotel/{id}/rooms]
12:43:51.454 [main] INFO  io.javalin.Javalin - JAVALIN HANDLER REGISTRATION DEBUG LOG: POST[/api/hotel/]
12:43:51.454 [main] INFO  io.javalin.Javalin - JAVALIN HANDLER REGISTRATION DEBUG LOG: PUT[/api/hotel/{id}]
12:43:51.454 [main] INFO  io.javalin.Javalin - JAVALIN HANDLER REGISTRATION DEBUG LOG: DELETE[/api/hotel/{id}]
12:43:51.454 [main] INFO  io.javalin.Javalin - JAVALIN HANDLER REGISTRATION DEBUG LOG: POST[/api/auth/register]
12:43:51.454 [main] INFO  io.javalin.Javalin - JAVALIN HANDLER REGISTRATION DEBUG LOG: POST[/api/auth/login]
12:43:51.454 [main] INFO  io.javalin.Javalin - JAVALIN HANDLER REGISTRATION DEBUG LOG: GET[/api/secured/demo]
12:43:51.456 [main] INFO  io.javalin.Javalin - Starting Javalin ...
12:43:51.456 [main] INFO  org.eclipse.jetty.server.Server - jetty-11.0.24; built: 2024-08-26T18:11:22.448Z; git: 5dfc59a691b748796f922208956bd1f2794bcd16; jvm 17.0.12+7-LTS
12:43:51.468 [main] INFO  o.e.j.s.s.DefaultSessionIdManager - Session workerName=node0
12:43:51.469 [main] INFO  o.e.j.server.handler.ContextHandler - Started o.e.j.s.ServletContextHandler@3e02988{/api,null,AVAILABLE}
12:43:51.476 [main] INFO  o.e.jetty.server.AbstractConnector - Started ServerConnector@75b5d09{HTTP/1.1, (http/1.1)}{0.0.0.0:7777}
12:43:51.476 [main] INFO  org.eclipse.jetty.server.Server - Started Server@578cd644{STARTING}[11.0.24,sto=0] @8307ms
12:43:51.476 [main] INFO  io.javalin.Javalin - 
       __                  ___           _____
      / /___ __   ______ _/ (_)___      / ___/
 __  / / __ `/ | / / __ `/ / / __ \    / __ \
/ /_/ / /_/ /| |/ / /_/ / / / / / /   / /_/ /
\____/\__,_/ |___/\__,_/_/_/_/ /_/    \____/

       https://javalin.io/documentation

12:43:51.476 [main] INFO  io.javalin.Javalin - Javalin started in 21ms \o/
12:43:51.476 [main] INFO  io.javalin.Javalin - Listening on http://localhost:7777/api
12:43:51.477 [main] INFO  io.javalin.Javalin - You are running Javalin 6.4.0 (released December 17, 2024).
Hibernate: 
    select
        h1_0.id,
        h1_0.address,
        h1_0.name,
        r1_0.hotel_id,
        r1_0.id,
        r1_0.number,
        r1_0.price 
    from
        Hotel h1_0 
    left join
        Room r1_0 
            on h1_0.id=r1_0.hotel_id 
    where
        h1_0.id=?
Hibernate: 
    select
        h1_0.id,
        h1_0.address,
        h1_0.name,
        r1_0.hotel_id,
        r1_0.id,
        r1_0.number,
        r1_0.price 
    from
        Hotel h1_0 
    left join
        Room r1_0 
            on h1_0.id=r1_0.hotel_id 
    where
        h1_0.id=?
Hibernate: 
    /* delete for app.entities.Room */delete 
    from
        Room 
    where
        id=?
Hibernate: 
    /* delete for app.entities.Room */delete 
    from
        Room 
    where
        id=?
Hibernate: 
    /* delete for app.entities.Room */delete 
    from
        Room 
    where
        id=?
Hibernate: 
    /* delete for app.entities.Room */delete 
    from
        Room 
    where
        id=?
Hibernate: 
    /* delete for app.entities.Room */delete 
    from
        Room 
    where
        id=?
Hibernate: 
    /* delete for app.entities.Hotel */delete 
    from
        Hotel 
    where
        id=?
12:43:51.521 [JettyServerThreadPool-84] INFO  io.javalin.Javalin - JAVALIN REQUEST DEBUG LOG:
Request: DELETE [/api/hotel/1]
    Matching endpoint-handlers: java.util.stream.ReferencePipeline$3@46904343
    Headers: {Accept=*/*, Connection=keep-alive, User-Agent=Apache-HttpClient/4.5.13 (Java/17.0.12), Host=localhost:7777, Accept-Encoding=gzip,deflate}
    Cookies: {}
    Body: 
    QueryString: null
    QueryParams: {}
    FormParams: {}
Response: [204 No Content], execution took 30.77 ms
    Headers: {Date=Wed, 19 Mar 2025 11:43:51 GMT, Content-Type=application/json}
    Body is 26 bytes (starts on next line):
    Successfully deleted hotel
----------------------------------------------------------------------------------
Hibernate: 
    select
        h1_0.id,
        h1_0.address,
        h1_0.name,
        r1_0.hotel_id,
        r1_0.id,
        r1_0.number,
        r1_0.price 
    from
        Hotel h1_0 
    left join
        Room r1_0 
            on h1_0.id=r1_0.hotel_id 
    where
        h1_0.id=?
12:43:51.558 [JettyServerThreadPool-75] INFO  io.javalin.Javalin - JAVALIN REQUEST DEBUG LOG:
Request: GET [/api/hotel/1]
    Matching endpoint-handlers: java.util.stream.ReferencePipeline$3@1cca084c
    Headers: {Accept=*/*, Connection=keep-alive, User-Agent=Apache-HttpClient/4.5.13 (Java/17.0.12), Host=localhost:7777, Accept-Encoding=gzip,deflate}
    Cookies: {}
    Body: 
    QueryString: null
    QueryParams: {}
    FormParams: {}
Response: [404 Not Found], execution took 18.86 ms
    Headers: {Date=Wed, 19 Mar 2025 11:43:51 GMT, Content-Type=application/json}
    Body is 35 bytes (starts on next line):
    {"message":"No Hotel with that ID"}
----------------------------------------------------------------------------------
12:43:51.559 [main] INFO  io.javalin.Javalin - Stopping Javalin ...
12:43:51.560 [main] INFO  org.eclipse.jetty.server.Server - Stopped Server@578cd644{STOPPING}[11.0.24,sto=0]
12:43:51.561 [main] INFO  o.e.jetty.server.AbstractConnector - Stopped ServerConnector@75b5d09{HTTP/1.1, (http/1.1)}{0.0.0.0:7777}
12:43:51.562 [main] INFO  o.e.j.server.handler.ContextHandler - Stopped o.e.j.s.ServletContextHandler@3e02988{/api,null,STOPPED}
12:43:51.562 [main] INFO  io.javalin.Javalin - Javalin has stopped
]]></system-out>
  </testcase>
</testsuite>