<?xml version="1.0" encoding="UTF-8"?>
<testsuite xmlns:xsi="http://www.w3.org/2001/XMLSchema-instance" xsi:noNamespaceSchemaLocation="https://maven.apache.org/surefire/maven-surefire-plugin/xsd/surefire-test-report-3.0.xsd" version="3.0" name="app.controllers.impl.HotelResourceTest" time="8.178" tests="3" errors="0" skipped="0" failures="0">
  <properties>
[...]
</properties>
  <testcase name="createHotelTest" classname="app.controllers.impl.HotelResourceTest" time="2.265">
    <system-out><![CDATA[12:21:19,821 |-INFO in ch.qos.logback.classic.LoggerContext[default] - This is logback-classic version 1.5.8
12:21:19,822 |-INFO in ch.qos.logback.classic.util.ContextInitializer@6c372fe6 - No custom configurators were discovered as a service.
12:21:19,822 |-INFO in ch.qos.logback.classic.util.ContextInitializer@6c372fe6 - Trying to configure with ch.qos.logback.classic.joran.SerializedModelConfigurator
12:21:19,823 |-INFO in ch.qos.logback.classic.util.ContextInitializer@6c372fe6 - Constructed configurator of type class ch.qos.logback.classic.joran.SerializedModelConfigurator
12:21:19,826 |-INFO in ch.qos.logback.classic.LoggerContext[default] - Could NOT find resource [logback-test.scmo]
12:21:19,826 |-INFO in ch.qos.logback.classic.LoggerContext[default] - Could NOT find resource [logback.scmo]
12:21:19,830 |-INFO in ch.qos.logback.classic.util.ContextInitializer@6c372fe6 - ch.qos.logback.classic.joran.SerializedModelConfigurator.configure() call lasted 3 milliseconds. ExecutionStatus=INVOKE_NEXT_IF_ANY
12:21:19,830 |-INFO in ch.qos.logback.classic.util.ContextInitializer@6c372fe6 - Trying to configure with ch.qos.logback.classic.util.DefaultJoranConfigurator
12:21:19,830 |-INFO in ch.qos.logback.classic.util.ContextInitializer@6c372fe6 - Constructed configurator of type class ch.qos.logback.classic.util.DefaultJoranConfigurator
12:21:19,831 |-INFO in ch.qos.logback.classic.LoggerContext[default] - Could NOT find resource [logback-test.xml]
12:21:19,832 |-INFO in ch.qos.logback.classic.LoggerContext[default] - Found resource [logback.xml] at [file:/C:/Users/gervi/OneDrive/Skrivebord/Uddannelse/Hotel-API/target/classes/logback.xml]
12:21:19,834 |-WARN in ch.qos.logback.classic.util.DefaultJoranConfigurator@58594a11 - Resource [logback.xml] occurs multiple times on the classpath.
12:21:19,834 |-WARN in ch.qos.logback.classic.util.DefaultJoranConfigurator@58594a11 - Resource [logback.xml] occurs at [jar:file:/C:/Users/gervi/.m2/repository/io/javalin/javalin-bundle/6.4.0/javalin-bundle-6.4.0.jar!/logback.xml]
12:21:19,834 |-WARN in ch.qos.logback.classic.util.DefaultJoranConfigurator@58594a11 - Resource [logback.xml] occurs at [file:/C:/Users/gervi/OneDrive/Skrivebord/Uddannelse/Hotel-API/target/classes/logback.xml]
12:21:19,926 |-INFO in ch.qos.logback.core.model.processor.AppenderModelHandler - Processing appender named [CONSOLE]
12:21:19,926 |-INFO in ch.qos.logback.core.model.processor.AppenderModelHandler - About to instantiate appender of type [ch.qos.logback.core.ConsoleAppender]
12:21:19,933 |-INFO in ch.qos.logback.core.model.processor.ImplicitModelHandler - Assuming default type [ch.qos.logback.classic.encoder.PatternLayoutEncoder] for [encoder] property
12:21:19,954 |-INFO in ch.qos.logback.core.model.processor.AppenderModelHandler - Processing appender named [FILE]
12:21:19,954 |-INFO in ch.qos.logback.core.model.processor.AppenderModelHandler - About to instantiate appender of type [ch.qos.logback.core.FileAppender]
12:21:19,956 |-INFO in ch.qos.logback.core.model.processor.ImplicitModelHandler - Assuming default type [ch.qos.logback.classic.encoder.PatternLayoutEncoder] for [encoder] property
12:21:19,956 |-INFO in ch.qos.logback.core.FileAppender[FILE] - File property is set to [logs/javalin-app.log]
12:21:19,957 |-INFO in ch.qos.logback.classic.model.processor.RootLoggerModelHandler - Setting level of ROOT logger to INFO
12:21:19,957 |-INFO in ch.qos.logback.core.model.processor.AppenderRefModelHandler - Attaching appender named [CONSOLE] to Logger[ROOT]
12:21:19,958 |-INFO in ch.qos.logback.core.model.processor.AppenderRefModelHandler - Attaching appender named [FILE] to Logger[ROOT]
12:21:19,958 |-INFO in ch.qos.logback.classic.model.processor.LoggerModelHandler - Setting level of logger [app] to DEBUG
12:21:19,958 |-INFO in ch.qos.logback.core.model.processor.DefaultProcessor@2a3888c1 - End of configuration.
12:21:19,960 |-INFO in ch.qos.logback.classic.joran.JoranConfigurator@4167d97b - Registering current configuration as safe fallback point
12:21:19,960 |-INFO in ch.qos.logback.classic.util.ContextInitializer@6c372fe6 - ch.qos.logback.classic.util.DefaultJoranConfigurator.configure() call lasted 130 milliseconds. ExecutionStatus=DO_NOT_INVOKE_NEXT_IF_ANY

12:21:20.016 [main] INFO  org.hibernate.Version - HHH000412: Hibernate ORM core version 6.6.6.Final
12:21:20.075 [main] INFO  o.h.c.i.RegionFactoryInitiator - HHH000026: Second-level cache disabled
12:21:20.251 [main] WARN  o.hibernate.orm.connections.pooling - HHH10001002: Using built-in connection pool (not intended for production use)
12:21:20.289 [main] INFO  o.testcontainers.images.PullPolicy - Image pull policy will be performed by: DefaultPullPolicy()
12:21:20.292 [main] INFO  o.t.utility.ImageNameSubstitutor - Image name substitution will be performed by: DefaultImageNameSubstitutor (composite of 'ConfigurationFileImageNameSubstitutor' and 'PrefixingImageNameSubstitutor')
12:21:20.307 [main] INFO  o.testcontainers.DockerClientFactory - Testcontainers version: 1.20.4
12:21:20.484 [main] INFO  o.t.d.DockerClientProviderStrategy - Loaded org.testcontainers.dockerclient.NpipeSocketClientProviderStrategy from ~/.testcontainers.properties, will try it first
12:21:20.764 [main] INFO  o.t.d.DockerClientProviderStrategy - Found Docker environment with local Npipe socket (npipe:////./pipe/docker_engine)
12:21:20.766 [main] INFO  o.testcontainers.DockerClientFactory - Docker host IP address is localhost
12:21:20.784 [main] INFO  o.testcontainers.DockerClientFactory - Connected to docker: 
  Server Version: 27.2.0
  API Version: 1.47
  Operating System: Docker Desktop
  Total Memory: 7537 MB
  Labels: 
    com.docker.desktop.address=npipe://\\.\pipe\docker_cli
12:21:20.807 [main] INFO  tc.testcontainers/ryuk:0.11.0 - Creating container for image: testcontainers/ryuk:0.11.0
12:21:20.899 [main] INFO  o.t.utility.RegistryAuthLocator - Credential helper/store (docker-credential-desktop) does not have credentials for https://index.docker.io/v1/
12:21:21.114 [main] INFO  tc.testcontainers/ryuk:0.11.0 - Container testcontainers/ryuk:0.11.0 is starting: d5a16c3dd0ac5056f594015f1794417eed55b90beff69adb3878cfc40884dd85
12:21:21.681 [main] INFO  tc.testcontainers/ryuk:0.11.0 - Container testcontainers/ryuk:0.11.0 started in PT0.8739897S
12:21:21.689 [main] INFO  o.t.utility.RyukResourceReaper - Ryuk started - will monitor and terminate Testcontainers containers on JVM exit
12:21:21.689 [main] INFO  o.testcontainers.DockerClientFactory - Checking the system...
12:21:21.690 [main] INFO  o.testcontainers.DockerClientFactory - ?? Docker server version should be at least 1.6.0
12:21:21.691 [main] INFO  tc.postgres:15.3-alpine3.18 - Creating container for image: postgres:15.3-alpine3.18
12:21:21.855 [main] INFO  tc.postgres:15.3-alpine3.18 - Container postgres:15.3-alpine3.18 is starting: e31e57678ce9d144a1c24922c2dbcb55fdb02a2ead8a406b699ef7088e2d581d
12:21:23.851 [main] INFO  tc.postgres:15.3-alpine3.18 - Container postgres:15.3-alpine3.18 started in PT2.1608514S
12:21:23.852 [main] INFO  tc.postgres:15.3-alpine3.18 - Container is started (JDBC URL: jdbc:postgresql://localhost:57266/test?loggerLevel=OFF)
12:21:24.077 [main] WARN  org.hibernate.orm.deprecation - HHH90000025: PostgreSQLDialect does not need to be specified explicitly using 'hibernate.dialect' (remove the property setting and it will be selected by default)
12:21:24.099 [main] INFO  o.hibernate.orm.connections.pooling - HHH10001005: Database info:
	Database JDBC URL [jdbc:tc:postgresql:15.3-alpine3.18:///test_db]
	Database driver: org.testcontainers.jdbc.ContainerDatabaseDriver
	Database version: 15.3
	Autocommit mode: false
	Isolation level: undefined/unknown
	Minimum pool size: 1
	Maximum pool size: 20
Hibernate: 
    set client_min_messages = WARNING
12:21:25.397 [main] INFO  o.hibernate.orm.connections.access - HHH10001501: Connection obtained from JdbcConnectionAccess [org.hibernate.engine.jdbc.env.internal.JdbcEnvironmentInitiator$ConnectionProviderJdbcConnectionAccess@18f4086e] for (non-JTA) DDL execution was not in auto-commit mode; the Connection 'local transaction' will be committed and the Connection will be set into auto-commit mode.
Hibernate: 
    alter table if exists Room 
       drop constraint if exists FK2ytua4fdw8ibyyn44ar9txtku
Hibernate: 
    alter table if exists user_role 
       drop constraint if exists FKt7e7djp752sqn6w22i6ocqy6q
Hibernate: 
    alter table if exists user_role 
       drop constraint if exists FKj345gk1bovqvfame88rcx7yyx
Hibernate: 
    drop table if exists Hotel cascade
Hibernate: 
    drop table if exists roles cascade
Hibernate: 
    drop table if exists Room cascade
Hibernate: 
    drop table if exists user_role cascade
Hibernate: 
    drop table if exists users cascade
Hibernate: 
    create table Hotel (
        id integer generated by default as identity,
        address varchar(255),
        name varchar(255),
        primary key (id)
    )
12:21:25.411 [main] INFO  o.hibernate.orm.connections.access - HHH10001501: Connection obtained from JdbcConnectionAccess [org.hibernate.engine.jdbc.env.internal.JdbcEnvironmentInitiator$ConnectionProviderJdbcConnectionAccess@49353d43] for (non-JTA) DDL execution was not in auto-commit mode; the Connection 'local transaction' will be committed and the Connection will be set into auto-commit mode.
Hibernate: 
    create table roles (
        name varchar(255) not null,
        primary key (name)
    )
Hibernate: 
    create table Room (
        hotel_id integer not null,
        id integer generated by default as identity,
        number integer not null,
        price numeric(38,2),
        primary key (id)
    )
Hibernate: 
    create table user_role (
        role_id varchar(255) not null,
        user_id varchar(255) not null,
        primary key (role_id, user_id)
    )
Hibernate: 
    create table users (
        password varchar(255),
        username varchar(255) not null,
        primary key (username)
    )
Hibernate: 
    alter table if exists Room 
       add constraint FK2ytua4fdw8ibyyn44ar9txtku 
       foreign key (hotel_id) 
       references Hotel
Hibernate: 
    alter table if exists user_role 
       add constraint FKt7e7djp752sqn6w22i6ocqy6q 
       foreign key (role_id) 
       references roles
Hibernate: 
    alter table if exists user_role 
       add constraint FKj345gk1bovqvfame88rcx7yyx 
       foreign key (user_id) 
       references users
Hibernate: 
    /* insert for
        app.entities.Hotel */insert 
    into
        Hotel (address, name) 
    values
        (?, ?)
Hibernate: 
    /* insert for
        app.entities.Room */insert 
    into
        Room (hotel_id, number, price) 
    values
        (?, ?, ?)
Hibernate: 
    /* insert for
        app.entities.Room */insert 
    into
        Room (hotel_id, number, price) 
    values
        (?, ?, ?)
Hibernate: 
    /* insert for
        app.entities.Room */insert 
    into
        Room (hotel_id, number, price) 
    values
        (?, ?, ?)
Hibernate: 
    /* insert for
        app.entities.Room */insert 
    into
        Room (hotel_id, number, price) 
    values
        (?, ?, ?)
Hibernate: 
    /* insert for
        app.entities.Room */insert 
    into
        Room (hotel_id, number, price) 
    values
        (?, ?, ?)
Hibernate: 
    /* insert for
        app.entities.Hotel */insert 
    into
        Hotel (address, name) 
    values
        (?, ?)
Hibernate: 
    /* insert for
        app.entities.Room */insert 
    into
        Room (hotel_id, number, price) 
    values
        (?, ?, ?)
Hibernate: 
    /* insert for
        app.entities.Room */insert 
    into
        Room (hotel_id, number, price) 
    values
        (?, ?, ?)
Hibernate: 
    /* insert for
        app.entities.Room */insert 
    into
        Room (hotel_id, number, price) 
    values
        (?, ?, ?)
Hibernate: 
    /* insert for
        app.entities.Room */insert 
    into
        Room (hotel_id, number, price) 
    values
        (?, ?, ?)
Hibernate: 
    /* insert for
        app.entities.Room */insert 
    into
        Room (hotel_id, number, price) 
    values
        (?, ?, ?)
Hibernate: 
    /* insert for
        app.entities.Hotel */insert 
    into
        Hotel (address, name) 
    values
        (?, ?)
Hibernate: 
    /* insert for
        app.entities.Room */insert 
    into
        Room (hotel_id, number, price) 
    values
        (?, ?, ?)
Hibernate: 
    /* insert for
        app.entities.Room */insert 
    into
        Room (hotel_id, number, price) 
    values
        (?, ?, ?)
Hibernate: 
    /* insert for
        app.entities.Room */insert 
    into
        Room (hotel_id, number, price) 
    values
        (?, ?, ?)
Hibernate: 
    /* insert for
        app.entities.Room */insert 
    into
        Room (hotel_id, number, price) 
    values
        (?, ?, ?)
Hibernate: 
    /* insert for
        app.entities.Room */insert 
    into
        Room (hotel_id, number, price) 
    values
        (?, ?, ?)
12:21:25.664 [main] INFO  io.javalin.Javalin - JAVALIN HANDLER REGISTRATION DEBUG LOG: GET[/api/routes]
12:21:25.712 [main] INFO  io.javalin.Javalin - JAVALIN HANDLER REGISTRATION DEBUG LOG: GET[/api/hotel/]
12:21:25.714 [main] INFO  io.javalin.Javalin - JAVALIN HANDLER REGISTRATION DEBUG LOG: GET[/api/hotel/{id}]
12:21:25.714 [main] INFO  io.javalin.Javalin - JAVALIN HANDLER REGISTRATION DEBUG LOG: GET[/api/hotel/{id}/rooms]
12:21:25.714 [main] INFO  io.javalin.Javalin - JAVALIN HANDLER REGISTRATION DEBUG LOG: POST[/api/hotel/]
12:21:25.714 [main] INFO  io.javalin.Javalin - JAVALIN HANDLER REGISTRATION DEBUG LOG: PUT[/api/hotel/{id}]
12:21:25.715 [main] INFO  io.javalin.Javalin - JAVALIN HANDLER REGISTRATION DEBUG LOG: DELETE[/api/hotel/{id}]
12:21:25.717 [main] INFO  io.javalin.Javalin - JAVALIN HANDLER REGISTRATION DEBUG LOG: POST[/api/auth/register]
12:21:25.718 [main] INFO  io.javalin.Javalin - JAVALIN HANDLER REGISTRATION DEBUG LOG: POST[/api/auth/login]
12:21:25.718 [main] INFO  io.javalin.Javalin - JAVALIN HANDLER REGISTRATION DEBUG LOG: GET[/api/secured/demo]
12:21:25.786 [main] INFO  io.javalin.Javalin - Starting Javalin ...
12:21:25.789 [main] INFO  org.eclipse.jetty.server.Server - jetty-11.0.24; built: 2024-08-26T18:11:22.448Z; git: 5dfc59a691b748796f922208956bd1f2794bcd16; jvm 17.0.12+7-LTS
12:21:25.827 [main] INFO  o.e.j.s.s.DefaultSessionIdManager - Session workerName=node0
12:21:25.836 [main] INFO  o.e.j.server.handler.ContextHandler - Started o.e.j.s.ServletContextHandler@57806346{/api,null,AVAILABLE}
12:21:25.859 [main] INFO  o.e.jetty.server.AbstractConnector - Started ServerConnector@233789d9{HTTP/1.1, (http/1.1)}{0.0.0.0:7777}
12:21:25.864 [main] INFO  org.eclipse.jetty.server.Server - Started Server@4bc9451b{STARTING}[11.0.24,sto=0] @6796ms
12:21:25.864 [main] INFO  io.javalin.Javalin - 
       __                  ___           _____
      / /___ __   ______ _/ (_)___      / ___/
 __  / / __ `/ | / / __ `/ / / __ \    / __ \
/ /_/ / /_/ /| |/ / /_/ / / / / / /   / /_/ /
\____/\__,_/ |___/\__,_/_/_/_/ /_/    \____/

       https://javalin.io/documentation

12:21:25.865 [main] INFO  io.javalin.Javalin - Javalin started in 145ms \o/
12:21:25.868 [main] INFO  io.javalin.Javalin - Listening on http://localhost:7777/api
12:21:25.881 [main] INFO  io.javalin.Javalin - You are running Javalin 6.4.0 (released December 17, 2024).
Hibernate: 
    /* insert for
        app.entities.Hotel */insert 
    into
        Hotel (address, name) 
    values
        (?, ?)
Hibernate: 
    /* insert for
        app.entities.Room */insert 
    into
        Room (hotel_id, number, price) 
    values
        (?, ?, ?)
Hibernate: 
    /* insert for
        app.entities.Room */insert 
    into
        Room (hotel_id, number, price) 
    values
        (?, ?, ?)
12:21:27.193 [JettyServerThreadPool-58] INFO  io.javalin.Javalin - JAVALIN REQUEST DEBUG LOG:
Request: POST [/api/hotel]
    Matching endpoint-handlers: java.util.stream.ReferencePipeline$3@149a6d4e
    Headers: {Accept=application/json, Connection=keep-alive, User-Agent=Apache-HttpClient/4.5.13 (Java/17.0.12), Host=localhost:7777, Accept-Encoding=gzip,deflate, Content-Length=149, Content-Type=application/json}
    Cookies: {}
    Body: {"id":0,"name":"Hotel test","address":"Test address","rooms":[{"id":0,"number":1,"price":25.0,"hotel":0},{"id":0,"number":2,"price":42.0,"hotel":0}]}
    QueryString: null
    QueryParams: {}
    FormParams: {}
Response: [200 OK], execution took 412.97 ms
    Headers: {Date=Wed, 19 Mar 2025 11:21:26 GMT, Content-Type=application/json}
    Body is 151 bytes (starts on next line):
    {"id":4,"name":"Hotel test","address":"Test address","rooms":[{"id":16,"number":1,"price":25.0,"hotel":4},{"id":17,"number":2,"price":42.0,"hotel":4}]}
----------------------------------------------------------------------------------
12:21:27.691 [main] INFO  io.javalin.Javalin - Stopping Javalin ...
12:21:27.692 [main] INFO  org.eclipse.jetty.server.Server - Stopped Server@4bc9451b{STOPPING}[11.0.24,sto=0]
12:21:27.696 [main] INFO  o.e.jetty.server.AbstractConnector - Stopped ServerConnector@233789d9{HTTP/1.1, (http/1.1)}{0.0.0.0:7777}
12:21:27.698 [main] INFO  o.e.j.server.handler.ContextHandler - Stopped o.e.j.s.ServletContextHandler@57806346{/api,null,STOPPED}
12:21:27.699 [main] INFO  io.javalin.Javalin - Javalin has stopped
]]></system-out>
    <system-err><![CDATA[SLF4J(W): Class path contains multiple SLF4J providers.
SLF4J(W): Found provider [ch.qos.logback.classic.spi.LogbackServiceProvider@77f1baf5]
SLF4J(W): Found provider [org.slf4j.simple.SimpleServiceProvider@41a2befb]
SLF4J(W): See https://www.slf4j.org/codes.html#multiple_bindings for an explanation.
SLF4J(I): Actual provider is of type [ch.qos.logback.classic.spi.LogbackServiceProvider@77f1baf5]
]]></system-err>
  </testcase>
  <testcase name="hotelByIdTest" classname="app.controllers.impl.HotelResourceTest" time="0.118">
    <system-out><![CDATA[Hibernate: 
    /* insert for
        app.entities.Hotel */insert 
    into
        Hotel (address, name) 
    values
        (?, ?)
Hibernate: 
    /* insert for
        app.entities.Room */insert 
    into
        Room (hotel_id, number, price) 
    values
        (?, ?, ?)
Hibernate: 
    /* insert for
        app.entities.Room */insert 
    into
        Room (hotel_id, number, price) 
    values
        (?, ?, ?)
Hibernate: 
    /* insert for
        app.entities.Room */insert 
    into
        Room (hotel_id, number, price) 
    values
        (?, ?, ?)
Hibernate: 
    /* insert for
        app.entities.Room */insert 
    into
        Room (hotel_id, number, price) 
    values
        (?, ?, ?)
Hibernate: 
    /* insert for
        app.entities.Room */insert 
    into
        Room (hotel_id, number, price) 
    values
        (?, ?, ?)
Hibernate: 
    /* insert for
        app.entities.Hotel */insert 
    into
        Hotel (address, name) 
    values
        (?, ?)
Hibernate: 
    /* insert for
        app.entities.Room */insert 
    into
        Room (hotel_id, number, price) 
    values
        (?, ?, ?)
Hibernate: 
    /* insert for
        app.entities.Room */insert 
    into
        Room (hotel_id, number, price) 
    values
        (?, ?, ?)
Hibernate: 
    /* insert for
        app.entities.Room */insert 
    into
        Room (hotel_id, number, price) 
    values
        (?, ?, ?)
Hibernate: 
    /* insert for
        app.entities.Room */insert 
    into
        Room (hotel_id, number, price) 
    values
        (?, ?, ?)
Hibernate: 
    /* insert for
        app.entities.Room */insert 
    into
        Room (hotel_id, number, price) 
    values
        (?, ?, ?)
Hibernate: 
    /* insert for
        app.entities.Hotel */insert 
    into
        Hotel (address, name) 
    values
        (?, ?)
Hibernate: 
    /* insert for
        app.entities.Room */insert 
    into
        Room (hotel_id, number, price) 
    values
        (?, ?, ?)
Hibernate: 
    /* insert for
        app.entities.Room */insert 
    into
        Room (hotel_id, number, price) 
    values
        (?, ?, ?)
Hibernate: 
    /* insert for
        app.entities.Room */insert 
    into
        Room (hotel_id, number, price) 
    values
        (?, ?, ?)
Hibernate: 
    /* insert for
        app.entities.Room */insert 
    into
        Room (hotel_id, number, price) 
    values
        (?, ?, ?)
Hibernate: 
    /* insert for
        app.entities.Room */insert 
    into
        Room (hotel_id, number, price) 
    values
        (?, ?, ?)
12:21:27.741 [main] INFO  io.javalin.Javalin - JAVALIN HANDLER REGISTRATION DEBUG LOG: GET[/api/routes]
12:21:27.742 [main] INFO  io.javalin.Javalin - JAVALIN HANDLER REGISTRATION DEBUG LOG: GET[/api/hotel/]
12:21:27.742 [main] INFO  io.javalin.Javalin - JAVALIN HANDLER REGISTRATION DEBUG LOG: GET[/api/hotel/{id}]
12:21:27.742 [main] INFO  io.javalin.Javalin - JAVALIN HANDLER REGISTRATION DEBUG LOG: GET[/api/hotel/{id}/rooms]
12:21:27.742 [main] INFO  io.javalin.Javalin - JAVALIN HANDLER REGISTRATION DEBUG LOG: POST[/api/hotel/]
12:21:27.742 [main] INFO  io.javalin.Javalin - JAVALIN HANDLER REGISTRATION DEBUG LOG: PUT[/api/hotel/{id}]
12:21:27.742 [main] INFO  io.javalin.Javalin - JAVALIN HANDLER REGISTRATION DEBUG LOG: DELETE[/api/hotel/{id}]
12:21:27.742 [main] INFO  io.javalin.Javalin - JAVALIN HANDLER REGISTRATION DEBUG LOG: POST[/api/auth/register]
12:21:27.743 [main] INFO  io.javalin.Javalin - JAVALIN HANDLER REGISTRATION DEBUG LOG: POST[/api/auth/login]
12:21:27.743 [main] INFO  io.javalin.Javalin - JAVALIN HANDLER REGISTRATION DEBUG LOG: GET[/api/secured/demo]
12:21:27.743 [main] INFO  io.javalin.Javalin - Starting Javalin ...
12:21:27.743 [main] INFO  org.eclipse.jetty.server.Server - jetty-11.0.24; built: 2024-08-26T18:11:22.448Z; git: 5dfc59a691b748796f922208956bd1f2794bcd16; jvm 17.0.12+7-LTS
12:21:27.746 [main] INFO  o.e.j.s.s.DefaultSessionIdManager - Session workerName=node0
12:21:27.747 [main] INFO  o.e.j.server.handler.ContextHandler - Started o.e.j.s.ServletContextHandler@7225583d{/api,null,AVAILABLE}
12:21:27.754 [main] INFO  o.e.jetty.server.AbstractConnector - Started ServerConnector@6c6fdf5d{HTTP/1.1, (http/1.1)}{0.0.0.0:7777}
12:21:27.754 [main] INFO  org.eclipse.jetty.server.Server - Started Server@592e315e{STARTING}[11.0.24,sto=0] @8690ms
12:21:27.754 [main] INFO  io.javalin.Javalin - 
       __                  ___           _____
      / /___ __   ______ _/ (_)___      / ___/
 __  / / __ `/ | / / __ `/ / / __ \    / __ \
/ /_/ / /_/ /| |/ / /_/ / / / / / /   / /_/ /
\____/\__,_/ |___/\__,_/_/_/_/ /_/    \____/

       https://javalin.io/documentation

12:21:27.755 [main] INFO  io.javalin.Javalin - Javalin started in 11ms \o/
12:21:27.755 [main] INFO  io.javalin.Javalin - Listening on http://localhost:7777/api
12:21:27.755 [main] INFO  io.javalin.Javalin - You are running Javalin 6.4.0 (released December 17, 2024).
Hibernate: 
    select
        h1_0.id,
        h1_0.address,
        h1_0.name,
        r1_0.hotel_id,
        r1_0.id,
        r1_0.number,
        r1_0.price 
    from
        Hotel h1_0 
    left join
        Room r1_0 
            on h1_0.id=r1_0.hotel_id 
    where
        h1_0.id=?
12:21:27.810 [JettyServerThreadPool-71] INFO  io.javalin.Javalin - JAVALIN REQUEST DEBUG LOG:
Request: GET [/api/hotel/1]
    Matching endpoint-handlers: java.util.stream.ReferencePipeline$3@4e1cd9b7
    Headers: {Accept=*/*, Connection=keep-alive, User-Agent=Apache-HttpClient/4.5.13 (Java/17.0.12), Host=localhost:7777, Accept-Encoding=gzip,deflate}
    Cookies: {}
    Body: 
    QueryString: null
    QueryParams: {}
    FormParams: {}
Response: [200 OK], execution took 34.80 ms
    Headers: {Date=Wed, 19 Mar 2025 11:21:27 GMT, Content-Type=application/json}
    Body is 282 bytes (starts on next line):
    {"id":1,"name":"Hotel 1","address":"Address 1","rooms":[{"id":1,"number":1,"price":120.00,"hotel":1},{"id":2,"number":2,"price":140.00,"hotel":1},{"id":3,"number":3,"price":160.00,"hotel":1},{"id":4,"number":4,"price":180.00,"hotel":1},{"id":5,"number":5,"price":200.00,"hotel":1}]}
----------------------------------------------------------------------------------
12:21:27.824 [main] INFO  io.javalin.Javalin - Stopping Javalin ...
12:21:27.825 [main] INFO  org.eclipse.jetty.server.Server - Stopped Server@592e315e{STOPPING}[11.0.24,sto=0]
12:21:27.826 [main] INFO  o.e.jetty.server.AbstractConnector - Stopped ServerConnector@6c6fdf5d{HTTP/1.1, (http/1.1)}{0.0.0.0:7777}
12:21:27.827 [main] INFO  o.e.j.server.handler.ContextHandler - Stopped o.e.j.s.ServletContextHandler@7225583d{/api,null,STOPPED}
12:21:27.827 [main] INFO  io.javalin.Javalin - Javalin has stopped
]]></system-out>
  </testcase>
  <testcase name="deleteHotelTest" classname="app.controllers.impl.HotelResourceTest" time="0.112">
    <system-out><![CDATA[Hibernate: 
    /* insert for
        app.entities.Hotel */insert 
    into
        Hotel (address, name) 
    values
        (?, ?)
Hibernate: 
    /* insert for
        app.entities.Room */insert 
    into
        Room (hotel_id, number, price) 
    values
        (?, ?, ?)
Hibernate: 
    /* insert for
        app.entities.Room */insert 
    into
        Room (hotel_id, number, price) 
    values
        (?, ?, ?)
Hibernate: 
    /* insert for
        app.entities.Room */insert 
    into
        Room (hotel_id, number, price) 
    values
        (?, ?, ?)
Hibernate: 
    /* insert for
        app.entities.Room */insert 
    into
        Room (hotel_id, number, price) 
    values
        (?, ?, ?)
Hibernate: 
    /* insert for
        app.entities.Room */insert 
    into
        Room (hotel_id, number, price) 
    values
        (?, ?, ?)
Hibernate: 
    /* insert for
        app.entities.Hotel */insert 
    into
        Hotel (address, name) 
    values
        (?, ?)
Hibernate: 
    /* insert for
        app.entities.Room */insert 
    into
        Room (hotel_id, number, price) 
    values
        (?, ?, ?)
Hibernate: 
    /* insert for
        app.entities.Room */insert 
    into
        Room (hotel_id, number, price) 
    values
        (?, ?, ?)
Hibernate: 
    /* insert for
        app.entities.Room */insert 
    into
        Room (hotel_id, number, price) 
    values
        (?, ?, ?)
Hibernate: 
    /* insert for
        app.entities.Room */insert 
    into
        Room (hotel_id, number, price) 
    values
        (?, ?, ?)
Hibernate: 
    /* insert for
        app.entities.Room */insert 
    into
        Room (hotel_id, number, price) 
    values
        (?, ?, ?)
Hibernate: 
    /* insert for
        app.entities.Hotel */insert 
    into
        Hotel (address, name) 
    values
        (?, ?)
Hibernate: 
    /* insert for
        app.entities.Room */insert 
    into
        Room (hotel_id, number, price) 
    values
        (?, ?, ?)
Hibernate: 
    /* insert for
        app.entities.Room */insert 
    into
        Room (hotel_id, number, price) 
    values
        (?, ?, ?)
Hibernate: 
    /* insert for
        app.entities.Room */insert 
    into
        Room (hotel_id, number, price) 
    values
        (?, ?, ?)
Hibernate: 
    /* insert for
        app.entities.Room */insert 
    into
        Room (hotel_id, number, price) 
    values
        (?, ?, ?)
Hibernate: 
    /* insert for
        app.entities.Room */insert 
    into
        Room (hotel_id, number, price) 
    values
        (?, ?, ?)
12:21:27.857 [main] INFO  io.javalin.Javalin - JAVALIN HANDLER REGISTRATION DEBUG LOG: GET[/api/routes]
12:21:27.858 [main] INFO  io.javalin.Javalin - JAVALIN HANDLER REGISTRATION DEBUG LOG: GET[/api/hotel/]
12:21:27.858 [main] INFO  io.javalin.Javalin - JAVALIN HANDLER REGISTRATION DEBUG LOG: GET[/api/hotel/{id}]
12:21:27.866 [main] INFO  io.javalin.Javalin - JAVALIN HANDLER REGISTRATION DEBUG LOG: GET[/api/hotel/{id}/rooms]
12:21:27.866 [main] INFO  io.javalin.Javalin - JAVALIN HANDLER REGISTRATION DEBUG LOG: POST[/api/hotel/]
12:21:27.866 [main] INFO  io.javalin.Javalin - JAVALIN HANDLER REGISTRATION DEBUG LOG: PUT[/api/hotel/{id}]
12:21:27.867 [main] INFO  io.javalin.Javalin - JAVALIN HANDLER REGISTRATION DEBUG LOG: DELETE[/api/hotel/{id}]
12:21:27.867 [main] INFO  io.javalin.Javalin - JAVALIN HANDLER REGISTRATION DEBUG LOG: POST[/api/auth/register]
12:21:27.867 [main] INFO  io.javalin.Javalin - JAVALIN HANDLER REGISTRATION DEBUG LOG: POST[/api/auth/login]
12:21:27.867 [main] INFO  io.javalin.Javalin - JAVALIN HANDLER REGISTRATION DEBUG LOG: GET[/api/secured/demo]
12:21:27.869 [main] INFO  io.javalin.Javalin - Starting Javalin ...
12:21:27.869 [main] INFO  org.eclipse.jetty.server.Server - jetty-11.0.24; built: 2024-08-26T18:11:22.448Z; git: 5dfc59a691b748796f922208956bd1f2794bcd16; jvm 17.0.12+7-LTS
12:21:27.871 [main] INFO  o.e.j.s.s.DefaultSessionIdManager - Session workerName=node0
12:21:27.872 [main] INFO  o.e.j.server.handler.ContextHandler - Started o.e.j.s.ServletContextHandler@78fcc4ef{/api,null,AVAILABLE}
12:21:27.878 [main] INFO  o.e.jetty.server.AbstractConnector - Started ServerConnector@140449d9{HTTP/1.1, (http/1.1)}{0.0.0.0:7777}
12:21:27.878 [main] INFO  org.eclipse.jetty.server.Server - Started Server@140e003e{STARTING}[11.0.24,sto=0] @8814ms
12:21:27.878 [main] INFO  io.javalin.Javalin - 
       __                  ___           _____
      / /___ __   ______ _/ (_)___      / ___/
 __  / / __ `/ | / / __ `/ / / __ \    / __ \
/ /_/ / /_/ /| |/ / /_/ / / / / / /   / /_/ /
\____/\__,_/ |___/\__,_/_/_/_/ /_/    \____/

       https://javalin.io/documentation

12:21:27.878 [main] INFO  io.javalin.Javalin - Javalin started in 10ms \o/
12:21:27.879 [main] INFO  io.javalin.Javalin - Listening on http://localhost:7777/api
12:21:27.879 [main] INFO  io.javalin.Javalin - You are running Javalin 6.4.0 (released December 17, 2024).
Hibernate: 
    select
        h1_0.id,
        h1_0.address,
        h1_0.name,
        r1_0.hotel_id,
        r1_0.id,
        r1_0.number,
        r1_0.price 
    from
        Hotel h1_0 
    left join
        Room r1_0 
            on h1_0.id=r1_0.hotel_id 
    where
        h1_0.id=?
Hibernate: 
    select
        h1_0.id,
        h1_0.address,
        h1_0.name,
        r1_0.hotel_id,
        r1_0.id,
        r1_0.number,
        r1_0.price 
    from
        Hotel h1_0 
    left join
        Room r1_0 
            on h1_0.id=r1_0.hotel_id 
    where
        h1_0.id=?
Hibernate: 
    /* delete for app.entities.Room */delete 
    from
        Room 
    where
        id=?
Hibernate: 
    /* delete for app.entities.Room */delete 
    from
        Room 
    where
        id=?
Hibernate: 
    /* delete for app.entities.Room */delete 
    from
        Room 
    where
        id=?
Hibernate: 
    /* delete for app.entities.Room */delete 
    from
        Room 
    where
        id=?
Hibernate: 
    /* delete for app.entities.Room */delete 
    from
        Room 
    where
        id=?
Hibernate: 
    /* delete for app.entities.Hotel */delete 
    from
        Hotel 
    where
        id=?
12:21:27.910 [JettyServerThreadPool-84] INFO  io.javalin.Javalin - JAVALIN REQUEST DEBUG LOG:
Request: DELETE [/api/hotel/1]
    Matching endpoint-handlers: java.util.stream.ReferencePipeline$3@6c67b875
    Headers: {Accept=*/*, Connection=keep-alive, User-Agent=Apache-HttpClient/4.5.13 (Java/17.0.12), Host=localhost:7777, Accept-Encoding=gzip,deflate}
    Cookies: {}
    Body: 
    QueryString: null
    QueryParams: {}
    FormParams: {}
Response: [204 No Content], execution took 19.94 ms
    Headers: {Date=Wed, 19 Mar 2025 11:21:27 GMT, Content-Type=application/json}
    Body is 26 bytes (starts on next line):
    Successfully deleted hotel
----------------------------------------------------------------------------------
Hibernate: 
    select
        h1_0.id,
        h1_0.address,
        h1_0.name,
        r1_0.hotel_id,
        r1_0.id,
        r1_0.number,
        r1_0.price 
    from
        Hotel h1_0 
    left join
        Room r1_0 
            on h1_0.id=r1_0.hotel_id 
    where
        h1_0.id=?
12:21:27.937 [JettyServerThreadPool-75] INFO  io.javalin.Javalin - JAVALIN REQUEST DEBUG LOG:
Request: GET [/api/hotel/1]
    Matching endpoint-handlers: java.util.stream.ReferencePipeline$3@12658e3e
    Headers: {Accept=*/*, Connection=keep-alive, User-Agent=Apache-HttpClient/4.5.13 (Java/17.0.12), Host=localhost:7777, Accept-Encoding=gzip,deflate}
    Cookies: {}
    Body: 
    QueryString: null
    QueryParams: {}
    FormParams: {}
Response: [404 Not Found], execution took 15.78 ms
    Headers: {Date=Wed, 19 Mar 2025 11:21:27 GMT, Content-Type=application/json}
    Body is 35 bytes (starts on next line):
    {"message":"No Hotel with that ID"}
----------------------------------------------------------------------------------
12:21:27.938 [main] INFO  io.javalin.Javalin - Stopping Javalin ...
12:21:27.938 [main] INFO  org.eclipse.jetty.server.Server - Stopped Server@140e003e{STOPPING}[11.0.24,sto=0]
12:21:27.939 [main] INFO  o.e.jetty.server.AbstractConnector - Stopped ServerConnector@140449d9{HTTP/1.1, (http/1.1)}{0.0.0.0:7777}
12:21:27.940 [main] INFO  o.e.j.server.handler.ContextHandler - Stopped o.e.j.s.ServletContextHandler@78fcc4ef{/api,null,STOPPED}
12:21:27.940 [main] INFO  io.javalin.Javalin - Javalin has stopped
]]></system-out>
  </testcase>
</testsuite>